<?xml version="1.0" encoding="UTF-8"?>
<!-- Generated by org.testng.reporters.JUnitReportReporter -->
<testsuite hostname="DESKTOP-A884PK0" name="businessLogic.PreliminarProjectDAOTest" tests="1" failures="0" timestamp="29 Apr 2021 16:12:52 GMT" time="1.415" errors="0">
  <testcase name="testGetColaborators" time="1.415" classname="businessLogic.PreliminarProjectDAOTest"/>
</testsuite> <!-- businessLogic.PreliminarProjectDAOTest -->
