<?xml version="1.0" encoding="UTF-8"?>
<!-- Generated by org.testng.reporters.JUnitReportReporter -->
<testsuite hostname="MacBook-Pro-de-M.local" name="businessLogic.LoginCredentialDAOTest" tests="1" failures="0" timestamp="31 May 2021 01:54:25 GMT" time="4.105" errors="0">
  <testcase name="testSearchLoginCredential" time="4.105" classname="businessLogic.LoginCredentialDAOTest"/>
</testsuite> <!-- businessLogic.LoginCredentialDAOTest -->
