<?xml version="1.0" encoding="UTF-8"?>
<!-- Generated by org.testng.reporters.JUnitReportReporter -->
<testsuite hostname="MacBook-Pro-de-M.local" name="dataaccess.ConnectorTest" tests="2" failures="0" timestamp="27 Apr 2021 00:09:19 GMT" time="1.962" errors="0">
  <testcase name="testDisconnect" time="0.044" classname="dataaccess.ConnectorTest"/>
  <testcase name="testConnect" time="1.918" classname="dataaccess.ConnectorTest"/>
</testsuite> <!-- dataaccess.ConnectorTest -->
