<?xml version="1.0" encoding="UTF-8"?>
<!-- Generated by org.testng.reporters.JUnitReportReporter -->
<testsuite hostname="DESKTOP-A884PK0" name="businessLogic.StudentDAOTest" tests="1" failures="0" timestamp="26 Apr 2021 14:43:38 GMT" time="0.960" errors="0">
  <testcase name="testGetByEnrollmentFailed" time="0.960" classname="businessLogic.StudentDAOTest"/>
</testsuite> <!-- businessLogic.StudentDAOTest -->
