<?xml version="1.0" encoding="UTF-8"?>
<!-- Generated by org.testng.reporters.JUnitReportReporter -->
<testsuite hostname="MacBook-Pro-de-M.local" name="businessLogic.AgreementDAOTest" tests="1" failures="0" timestamp="21 Apr 2021 18:27:03 GMT" time="1.151" errors="0">
  <testcase name="testDelete" time="1.151" classname="businessLogic.AgreementDAOTest"/>
</testsuite> <!-- businessLogic.AgreementDAOTest -->
