<?xml version="1.0" encoding="UTF-8"?>
<!-- Generated by org.testng.reporters.JUnitReportReporter -->
<testsuite hostname="MacBook-Pro-de-M.local" name="dataaccess.ConnectorTest" tests="1" failures="0" timestamp="16 Apr 2021 18:39:22 GMT" time="1.365" errors="0">
  <testcase name="testDataBaseConnection" time="1.365" classname="dataaccess.ConnectorTest"/>
</testsuite> <!-- dataaccess.ConnectorTest -->
