<?xml version="1.0" encoding="UTF-8"?>
<!-- Generated by org.testng.reporters.JUnitReportReporter -->
<testsuite hostname="DESKTOP-A884PK0" name="businessLogic.PrerequisiteDAOTest" tests="1" failures="0" timestamp="16 Apr 2021 16:24:39 GMT" time="1.491" errors="0">
  <testcase name="testDelete" time="1.491" classname="businessLogic.PrerequisiteDAOTest"/>
</testsuite> <!-- businessLogic.PrerequisiteDAOTest -->
