<?xml version="1.0" encoding="UTF-8"?>
<!-- Generated by org.testng.reporters.JUnitReportReporter -->
<testsuite hostname="MacBook-Pro-de-M.local" name="businessLogic.ReceptionWorkDAOTest" tests="14" failures="0" timestamp="17 Jun 2021 09:02:41 GMT" time="1.022" errors="0">
  <testcase name="testGetReceptionWorks" time="0.287" classname="businessLogic.ReceptionWorkDAOTest"/>
  <testcase name="testAddLGAC" time="0.018" classname="businessLogic.ReceptionWorkDAOTest"/>
  <testcase name="testGetLGAC" time="0.045" classname="businessLogic.ReceptionWorkDAOTest"/>
  <testcase name="testUpdate" time="0.028" classname="businessLogic.ReceptionWorkDAOTest"/>
  <testcase name="testGetColaborators" time="0.074" classname="businessLogic.ReceptionWorkDAOTest"/>
  <testcase name="testAddStudents" time="0.146" classname="businessLogic.ReceptionWorkDAOTest"/>
  <testcase name="testGetReceptionWorkById" time="0.094" classname="businessLogic.ReceptionWorkDAOTest"/>
  <testcase name="testSave" time="0.057" classname="businessLogic.ReceptionWorkDAOTest"/>
  <testcase name="testDeleteColaborators" time="0.045" classname="businessLogic.ReceptionWorkDAOTest"/>
  <testcase name="testGetIdFailed" time="0.028" classname="businessLogic.ReceptionWorkDAOTest"/>
  <testcase name="testGetStudents" time="0.105" classname="businessLogic.ReceptionWorkDAOTest"/>
  <testcase name="testAddColaborator" time="0.052" classname="businessLogic.ReceptionWorkDAOTest"/>
  <testcase name="testGetId" time="0.024" classname="businessLogic.ReceptionWorkDAOTest"/>
  <testcase name="testDeleteStudents" time="0.019" classname="businessLogic.ReceptionWorkDAOTest"/>
</testsuite> <!-- businessLogic.ReceptionWorkDAOTest -->
