<?xml version="1.0" encoding="UTF-8"?>
<!-- Generated by org.testng.reporters.JUnitReportReporter -->
<testsuite hostname="DESKTOP-A884PK0" name="businessLogic.StudentDAOTest" tests="1" failures="0" timestamp="23 May 2021 15:13:47 GMT" time="1.436" errors="0">
  <testcase name="testGetByEnrollment" time="1.436" classname="businessLogic.StudentDAOTest"/>
</testsuite> <!-- businessLogic.StudentDAOTest -->
