<?xml version="1.0" encoding="UTF-8"?>
<!-- Generated by org.testng.reporters.JUnitReportReporter -->
<testsuite hostname="MacBook-Pro-de-M.local" name="GUI.ValidationTest" tests="1" failures="0" timestamp="17 Jun 2021 23:29:56 GMT" time="0.090" errors="0">
  <testcase name="testValidateCorrectHour" time="0.090" classname="GUI.ValidationTest"/>
</testsuite> <!-- GUI.ValidationTest -->
