<?xml version="1.0" encoding="UTF-8"?>
<!-- Generated by org.testng.reporters.JUnitReportReporter -->
<testsuite hostname="MacBook-Pro-de-M.local" name="businessLogic.AgreementDAOTest" tests="1" failures="0" timestamp="21 Apr 2021 17:24:17 GMT" time="1.044" errors="0">
  <testcase name="testUpdate" time="1.044" classname="businessLogic.AgreementDAOTest"/>
</testsuite> <!-- businessLogic.AgreementDAOTest -->
