<?xml version="1.0" encoding="UTF-8"?>
<!-- Generated by org.testng.reporters.JUnitReportReporter -->
<testsuite hostname="MacBook-Pro-de-M.local" name="businessLogic.LGACDAOTest" tests="1" failures="0" timestamp="30 Apr 2021 08:20:37 GMT" time="1.265" errors="0">
  <testcase name="testSave" time="1.265" classname="businessLogic.LGACDAOTest"/>
</testsuite> <!-- businessLogic.LGACDAOTest -->
