<?xml version="1.0" encoding="UTF-8"?>
<!-- Generated by org.testng.reporters.JUnitReportReporter -->
<testsuite hostname="MacBook-Pro-de-M.local" name="dataaccess.ConnectorTest" tests="1" failures="0" timestamp="13 Apr 2021 04:23:39 GMT" time="4.492" errors="0">
  <testcase name="testDataBaseConnection" time="4.492" classname="dataaccess.ConnectorTest"/>
</testsuite> <!-- dataaccess.ConnectorTest -->
