<?xml version="1.0" encoding="UTF-8"?>
<!-- Generated by org.testng.reporters.JUnitReportReporter -->
<testsuite hostname="MacBook-Pro-de-M.local" name="businessLogic.TopicDAOTest" tests="4" failures="0" timestamp="17 Jun 2021 09:02:41 GMT" time="0.221" errors="0">
  <testcase name="testDelete" time="0.016" classname="businessLogic.TopicDAOTest"/>
  <testcase name="testUpdate" time="0.021" classname="businessLogic.TopicDAOTest"/>
  <testcase name="testSave" time="0.049" classname="businessLogic.TopicDAOTest"/>
  <testcase name="testGetAgendaTopics" time="0.135" classname="businessLogic.TopicDAOTest"/>
</testsuite> <!-- businessLogic.TopicDAOTest -->
