<?xml version="1.0" encoding="UTF-8"?>
<!-- Generated by org.testng.reporters.JUnitReportReporter -->
<testsuite hostname="MacBook-Pro-de-M.local" name="businessLogic.LoginCredentialDAOTest" tests="2" failures="0" timestamp="17 Jun 2021 09:02:41 GMT" time="0.144" errors="0">
  <testcase name="testRegister" time="0.048" classname="businessLogic.LoginCredentialDAOTest"/>
  <testcase name="testSearchLoginCredential" time="0.096" classname="businessLogic.LoginCredentialDAOTest"/>
</testsuite> <!-- businessLogic.LoginCredentialDAOTest -->
