<?xml version="1.0" encoding="UTF-8"?>
<!-- Generated by org.testng.reporters.JUnitReportReporter -->
<testsuite hostname="MacBook-Pro-de-M.local" name="businessLogic.AgreementDAOTest" tests="1" failures="0" timestamp="19 Apr 2021 22:48:44 GMT" time="1.659" errors="0">
  <testcase name="testSaveAgreement" time="1.659" classname="businessLogic.AgreementDAOTest"/>
</testsuite> <!-- businessLogic.AgreementDAOTest -->
