<?xml version="1.0" encoding="UTF-8"?>
<!-- Generated by org.testng.reporters.JUnitReportReporter -->
<testsuite hostname="MacBook-Pro-de-M.local" name="businessLogic.MinuteDAOTest" tests="12" failures="0" timestamp="17 Jun 2021 09:02:41 GMT" time="0.504" errors="0">
  <testcase name="testSaveMinute" time="0.023" classname="businessLogic.MinuteDAOTest"/>
  <testcase name="testGetMembersApprove" time="0.124" classname="businessLogic.MinuteDAOTest"/>
  <testcase name="testGetMinuteComments" time="0.038" classname="businessLogic.MinuteDAOTest"/>
  <testcase name="testGetMinute" time="0.028" classname="businessLogic.MinuteDAOTest"/>
  <testcase name="testDisapproveMinute" time="0.026" classname="businessLogic.MinuteDAOTest"/>
  <testcase name="getIdMinuteNotFound" time="0.046" classname="businessLogic.MinuteDAOTest"/>
  <testcase name="testDeleteComments" time="0.035" classname="businessLogic.MinuteDAOTest"/>
  <testcase name="testGetMinutes" time="0.067" classname="businessLogic.MinuteDAOTest"/>
  <testcase name="testApproveMinute" time="0.051" classname="businessLogic.MinuteDAOTest"/>
  <testcase name="testDeleteComment" time="0.022" classname="businessLogic.MinuteDAOTest"/>
  <testcase name="testUpdate" time="0.020" classname="businessLogic.MinuteDAOTest"/>
  <testcase name="getIdMinute" time="0.024" classname="businessLogic.MinuteDAOTest"/>
</testsuite> <!-- businessLogic.MinuteDAOTest -->
