<?xml version="1.0" encoding="UTF-8"?>
<!-- Generated by org.testng.reporters.JUnitReportReporter -->
<testsuite hostname="MacBook-Pro-de-M.local" name="businessLogic.ProjectDaoTest" tests="1" failures="0" timestamp="30 Apr 2021 15:52:33 GMT" time="1.180" errors="0">
  <testcase name="testGetReceptionWork" time="1.180" classname="businessLogic.ProjectDaoTest"/>
</testsuite> <!-- businessLogic.ProjectDaoTest -->
