<?xml version="1.0" encoding="UTF-8"?>
<!-- Generated by org.testng.reporters.JUnitReportReporter -->
<testsuite hostname="MacBook-Pro-de-M.local" name="businessLogic.MemberDAOTest" tests="1" failures="0" timestamp="5 May 2021 19:39:50 GMT" time="1.133" errors="0">
  <testcase name="testSaveMember" time="1.133" classname="businessLogic.MemberDAOTest"/>
</testsuite> <!-- businessLogic.MemberDAOTest -->
