<?xml version="1.0" encoding="UTF-8"?>
<!-- Generated by org.testng.reporters.JUnitReportReporter -->
<testsuite hostname="MacBook-Pro-de-M.local" name="businessLogic.LGACDAOTest" tests="4" failures="0" timestamp="17 Jun 2021 09:02:41 GMT" time="0.311" errors="0">
  <testcase name="testUpdate" time="0.107" classname="businessLogic.LGACDAOTest"/>
  <testcase name="testSave" time="0.137" classname="businessLogic.LGACDAOTest"/>
  <testcase name="testGetLgacByName" time="0.045" classname="businessLogic.LGACDAOTest"/>
  <testcase name="testGetLgacByNameFailed" time="0.022" classname="businessLogic.LGACDAOTest"/>
</testsuite> <!-- businessLogic.LGACDAOTest -->
