<?xml version="1.0" encoding="UTF-8"?>
<!-- Generated by org.testng.reporters.JUnitReportReporter -->
<testsuite hostname="MacBook-Pro-de-M.local" name="businessLogic.MemberDAOTest" tests="8" failures="0" timestamp="17 Jun 2021 09:02:41 GMT" time="0.357" errors="0">
  <testcase name="testGetMembers" time="0.095" classname="businessLogic.MemberDAOTest"/>
  <testcase name="testActivateMember" time="0.051" classname="businessLogic.MemberDAOTest"/>
  <testcase name="testSaveMember" time="0.021" classname="businessLogic.MemberDAOTest"/>
  <testcase name="testDesactivateMember" time="0.079" classname="businessLogic.MemberDAOTest"/>
  <testcase name="testUpdate" time="0.025" classname="businessLogic.MemberDAOTest"/>
  <testcase name="getMemberByLicenseNotFound" time="0.043" classname="businessLogic.MemberDAOTest"/>
  <testcase name="testSearchProfessionalLicense" time="0.019" classname="businessLogic.MemberDAOTest"/>
  <testcase name="getMemberByLicense" time="0.024" classname="businessLogic.MemberDAOTest"/>
</testsuite> <!-- businessLogic.MemberDAOTest -->
