<?xml version="1.0" encoding="UTF-8"?>
<!-- Generated by org.testng.reporters.JUnitReportReporter -->
<testsuite hostname="MacBook-Pro-de-M.local" name="businessLogic.LoginCredentialDAOTest" tests="1" failures="0" timestamp="17 Jun 2021 03:01:04 GMT" time="1.234" errors="0">
  <testcase name="testSearchLoginCredential" time="1.234" classname="businessLogic.LoginCredentialDAOTest"/>
</testsuite> <!-- businessLogic.LoginCredentialDAOTest -->
