<?xml version="1.0" encoding="UTF-8"?>
<!-- Generated by org.testng.reporters.JUnitReportReporter -->
<testsuite hostname="MacBook-Pro-de-M.local" name="businessLogic.PreliminarProjectDAOTest" tests="1" failures="0" timestamp="30 Apr 2021 15:37:07 GMT" time="1.560" errors="0">
  <testcase name="testSave" time="1.560" classname="businessLogic.PreliminarProjectDAOTest"/>
</testsuite> <!-- businessLogic.PreliminarProjectDAOTest -->
