<?xml version="1.0" encoding="UTF-8"?>
<!-- Generated by org.testng.reporters.JUnitReportReporter -->
<testsuite hostname="DESKTOP-A884PK0" name="businessLogic.PreliminarProjectDAOTest" tests="1" failures="0" timestamp="21 Apr 2021 00:15:13 GMT" time="0.893" errors="0">
  <testcase name="testGetPreliminarProjects" time="0.893" classname="businessLogic.PreliminarProjectDAOTest"/>
</testsuite> <!-- businessLogic.PreliminarProjectDAOTest -->
