<?xml version="1.0" encoding="UTF-8"?>
<!-- Generated by org.testng.reporters.JUnitReportReporter -->
<testsuite hostname="DESKTOP-A884PK0" name="businessLogic.MeetingDAOTest" tests="1" failures="0" timestamp="15 Apr 2021 02:53:44 GMT" time="2.234" errors="0">
  <testcase name="testSave" time="2.234" classname="businessLogic.MeetingDAOTest"/>
</testsuite> <!-- businessLogic.MeetingDAOTest -->
