<?xml version="1.0" encoding="UTF-8"?>
<!-- Generated by org.testng.reporters.JUnitReportReporter -->
<testsuite hostname="DESKTOP-A884PK0" name="businessLogic.LGACDAOTest" tests="1" failures="0" timestamp="19 Apr 2021 20:07:50 GMT" time="1.182" errors="0">
  <testcase name="testUpdate" time="1.182" classname="businessLogic.LGACDAOTest"/>
</testsuite> <!-- businessLogic.LGACDAOTest -->
