<?xml version="1.0" encoding="UTF-8"?>
<!-- Generated by org.testng.reporters.JUnitReportReporter -->
<testsuite hostname="MacBook-Pro-de-M.local" name="businessLogic.MeetingDAOTest" tests="11" failures="0" timestamp="17 Jun 2021 09:02:41 GMT" time="0.717" errors="1">
  <testcase name="testGetMeetings" time="0.072" classname="businessLogic.MeetingDAOTest"/>
  <testcase name="testGetId" time="0.075" classname="businessLogic.MeetingDAOTest"/>
  <testcase name="testSave" time="0.065" classname="businessLogic.MeetingDAOTest"/>
  <testcase name="testUpdate" time="0.062" classname="businessLogic.MeetingDAOTest"/>
  <testcase name="testChangeState" time="0.049" classname="businessLogic.MeetingDAOTest"/>
  <testcase name="testGetMeetingByIdNotFound" time="0.064" classname="businessLogic.MeetingDAOTest"/>
  <testcase name="testGetMeetingById" time="0.026" classname="businessLogic.MeetingDAOTest"/>
  <testcase name="testGetIdNotFound" time="0.022" classname="businessLogic.MeetingDAOTest"/>
  <testcase name="testGetAssistants" time="0.202" classname="businessLogic.MeetingDAOTest">
    <error type="org.junit.ComparisonFailure" message="expected:&lt;[8325134]&gt; but was:&lt;[7938268]&gt;">
      <![CDATA[org.junit.ComparisonFailure: expected:<[8325134]> but was:<[7938268]>
	at org.junit.Assert.assertEquals(Assert.java:115)
	at org.junit.Assert.assertEquals(Assert.java:144)
	at businessLogic.MeetingDAOTest.testGetAssistants(MeetingDAOTest.java:121)
	at sun.reflect.NativeMethodAccessorImpl.invoke0(Native Method)
	at sun.reflect.NativeMethodAccessorImpl.invoke(NativeMethodAccessorImpl.java:62)
	at sun.reflect.DelegatingMethodAccessorImpl.invoke(DelegatingMethodAccessorImpl.java:43)
	at java.lang.reflect.Method.invoke(Method.java:498)
	at org.junit.runners.model.FrameworkMethod$1.runReflectiveCall(FrameworkMethod.java:50)
	at org.junit.internal.runners.model.ReflectiveCallable.run(ReflectiveCallable.java:12)
	at org.junit.runners.model.FrameworkMethod.invokeExplosively(FrameworkMethod.java:47)
	at org.junit.internal.runners.statements.InvokeMethod.evaluate(InvokeMethod.java:17)
	at org.junit.runners.ParentRunner.runLeaf(ParentRunner.java:325)
	at org.junit.runners.BlockJUnit4ClassRunner.runChild(BlockJUnit4ClassRunner.java:78)
	at org.junit.runners.BlockJUnit4ClassRunner.runChild(BlockJUnit4ClassRunner.java:57)
	at org.junit.runners.ParentRunner$3.run(ParentRunner.java:290)
	at org.junit.runners.ParentRunner$1.schedule(ParentRunner.java:71)
	at org.junit.runners.ParentRunner.runChildren(ParentRunner.java:288)
	at org.junit.runners.ParentRunner.access$000(ParentRunner.java:58)
	at org.junit.runners.ParentRunner$2.evaluate(ParentRunner.java:268)
	at org.junit.runners.ParentRunner.run(ParentRunner.java:363)
	at org.junit.runner.JUnitCore.run(JUnitCore.java:137)
	at org.junit.runner.JUnitCore.run(JUnitCore.java:115)
	at org.testng.junit.JUnit4TestRunner.start(JUnit4TestRunner.java:81)
	at org.testng.junit.JUnit4TestRunner.run(JUnit4TestRunner.java:69)
	at org.testng.TestRunner$1.run(TestRunner.java:682)
	at org.testng.TestRunner.runWorkers(TestRunner.java:1005)
	at org.testng.TestRunner.privateRunJUnit(TestRunner.java:713)
	at org.testng.TestRunner.run(TestRunner.java:614)
	at org.testng.SuiteRunner.runTest(SuiteRunner.java:334)
	at org.testng.SuiteRunner.runSequentially(SuiteRunner.java:329)
	at org.testng.SuiteRunner.privateRun(SuiteRunner.java:291)
	at org.testng.SuiteRunner.run(SuiteRunner.java:240)
	at org.testng.SuiteRunnerWorker.runSuite(SuiteRunnerWorker.java:52)
	at org.testng.SuiteRunnerWorker.run(SuiteRunnerWorker.java:86)
	at org.testng.TestNG.runSuitesSequentially(TestNG.java:1224)
	at org.testng.TestNG.runSuitesLocally(TestNG.java:1149)
	at org.testng.TestNG.run(TestNG.java:1057)
	at org.testng.TestNG.privateMain(TestNG.java:1364)
	at org.testng.TestNG.main(TestNG.java:1333)
]]>
    </error>
  </testcase> <!-- testGetAssistants -->
  <testcase name="testAddAssistants" time="0.024" classname="businessLogic.MeetingDAOTest"/>
  <testcase name="testDeleteAssistants" time="0.056" classname="businessLogic.MeetingDAOTest"/>
</testsuite> <!-- businessLogic.MeetingDAOTest -->
