<?xml version="1.0" encoding="UTF-8"?>
<!-- Generated by org.testng.reporters.JUnitReportReporter -->
<testsuite hostname="MacBook-Pro-de-M.local" name="businessLogic.ProjectDaoTest" tests="1" failures="0" timestamp="13 Apr 2021 02:37:12 GMT" time="2.519" errors="0">
  <testcase name="testSave" time="2.519" classname="businessLogic.ProjectDaoTest"/>
</testsuite> <!-- businessLogic.ProjectDaoTest -->
