<?xml version="1.0" encoding="UTF-8"?>
<!-- Generated by org.testng.reporters.JUnitReportReporter -->
<testsuite hostname="DESKTOP-A884PK0" name="GUI.ValidationTest" tests="4" failures="0" timestamp="5 May 2021 16:06:15 GMT" time="0.010" errors="0">
  <testcase name="testValidateDateFailed" time="0.000" classname="GUI.ValidationTest"/>
  <testcase name="testValidateDate" time="0.001" classname="GUI.ValidationTest"/>
  <testcase name="testFindInvalidFieldFailed" time="0.001" classname="GUI.ValidationTest"/>
  <testcase name="testFindInvalidField" time="0.008" classname="GUI.ValidationTest"/>
</testsuite> <!-- GUI.ValidationTest -->
