<?xml version="1.0" encoding="UTF-8"?>
<!-- Generated by org.testng.reporters.JUnitReportReporter -->
<testsuite hostname="MacBook-Pro-de-M.local" name="dataaccess.ConnectorTest" tests="2" failures="0" timestamp="30 Apr 2021 07:46:36 GMT" time="1.124" errors="0">
  <testcase name="testDisconnect" time="0.007" classname="dataaccess.ConnectorTest"/>
  <testcase name="testConnect" time="1.117" classname="dataaccess.ConnectorTest"/>
</testsuite> <!-- dataaccess.ConnectorTest -->
