<?xml version="1.0" encoding="UTF-8"?>
<!-- Generated by org.testng.reporters.JUnitReportReporter -->
<testsuite hostname="DESKTOP-A884PK0" name="businessLogic.LGACDAOTest" tests="4" failures="0" timestamp="23 May 2021 05:56:57 GMT" time="1.347" errors="0">
  <testcase name="testUpdate" time="0.040" classname="businessLogic.LGACDAOTest"/>
  <testcase name="testGetLgacByNameFailed" time="0.051" classname="businessLogic.LGACDAOTest"/>
  <testcase name="testGetLgacByName" time="0.071" classname="businessLogic.LGACDAOTest"/>
  <testcase name="testSave" time="1.185" classname="businessLogic.LGACDAOTest"/>
</testsuite> <!-- businessLogic.LGACDAOTest -->
