<?xml version="1.0" encoding="UTF-8"?>
<!-- Generated by org.testng.reporters.JUnitReportReporter -->
<testsuite hostname="DESKTOP-A884PK0" name="businessLogic.ReceptionWorkDAOTest" tests="1" failures="0" timestamp="28 Apr 2021 20:43:40 GMT" time="1.165" errors="0">
  <testcase name="testAddStudents" time="1.165" classname="businessLogic.ReceptionWorkDAOTest"/>
</testsuite> <!-- businessLogic.ReceptionWorkDAOTest -->
