<?xml version="1.0" encoding="UTF-8"?>
<!-- Generated by org.testng.reporters.JUnitReportReporter -->
<testsuite hostname="MacBook-Pro-de-M.local" name="businessLogic.MemberDAOTest" tests="1" failures="0" timestamp="16 Apr 2021 19:21:30 GMT" time="2.489" errors="0">
  <testcase name="testGetMemberByLicense" time="2.489" classname="businessLogic.MemberDAOTest"/>
</testsuite> <!-- businessLogic.MemberDAOTest -->
