<?xml version="1.0" encoding="UTF-8"?>
<!-- Generated by org.testng.reporters.JUnitReportReporter -->
<testsuite hostname="MacBook-Pro-de-M.local" name="businessLogic.MemberDAOTest" tests="1" failures="0" timestamp="30 Apr 2021 17:20:47 GMT" time="1.297" errors="0">
  <testcase name="testActivateMember" time="1.297" classname="businessLogic.MemberDAOTest"/>
</testsuite> <!-- businessLogic.MemberDAOTest -->
