<?xml version="1.0" encoding="UTF-8"?>
<!-- Generated by org.testng.reporters.JUnitReportReporter -->
<testsuite hostname="DESKTOP-A884PK0" name="businessLogic.PrerequisiteDAOTest" tests="8" failures="0" timestamp="23 May 2021 06:25:14 GMT" time="1.461" errors="0">
  <testcase name="testGetPrerequisites" time="0.036" classname="businessLogic.PrerequisiteDAOTest"/>
  <testcase name="testGetPrerequisiteDescriptionFailed" time="0.965" classname="businessLogic.PrerequisiteDAOTest"/>
  <testcase name="testDelete" time="0.244" classname="businessLogic.PrerequisiteDAOTest"/>
  <testcase name="testGetPrerequisiteDescription" time="0.027" classname="businessLogic.PrerequisiteDAOTest"/>
  <testcase name="testUpdatePrerequisites" time="0.029" classname="businessLogic.PrerequisiteDAOTest"/>
  <testcase name="testSavePrerequisites" time="0.100" classname="businessLogic.PrerequisiteDAOTest"/>
  <testcase name="testsearchId" time="0.021" classname="businessLogic.PrerequisiteDAOTest"/>
  <testcase name="testsearchNotFoundId" time="0.039" classname="businessLogic.PrerequisiteDAOTest"/>
</testsuite> <!-- businessLogic.PrerequisiteDAOTest -->
