<?xml version="1.0" encoding="UTF-8"?>
<!-- Generated by org.testng.reporters.JUnitReportReporter -->
<testsuite hostname="MacBook-Pro-de-M.local" name="businessLogic.ProjectDaoTest" tests="18" failures="0" timestamp="17 Jun 2021 09:02:41 GMT" time="0.833" errors="0">
  <testcase name="testGetProjectById" time="0.065" classname="businessLogic.ProjectDaoTest"/>
  <testcase name="testDeleteRecepetionWorks" time="0.026" classname="businessLogic.ProjectDaoTest"/>
  <testcase name="testDeleteLGACs" time="0.024" classname="businessLogic.ProjectDaoTest"/>
  <testcase name="testGetColaborators" time="0.111" classname="businessLogic.ProjectDaoTest"/>
  <testcase name="testDeleteColaborators" time="0.024" classname="businessLogic.ProjectDaoTest"/>
  <testcase name="testGetReceptionWork" time="0.136" classname="businessLogic.ProjectDaoTest"/>
  <testcase name="testDeleteStudents" time="0.020" classname="businessLogic.ProjectDaoTest"/>
  <testcase name="testSave" time="0.040" classname="businessLogic.ProjectDaoTest"/>
  <testcase name="testSearchIdNotFound" time="0.021" classname="businessLogic.ProjectDaoTest"/>
  <testcase name="testAddColaborators" time="0.025" classname="businessLogic.ProjectDaoTest"/>
  <testcase name="testSearchId" time="0.023" classname="businessLogic.ProjectDaoTest"/>
  <testcase name="testGetProjects" time="0.033" classname="businessLogic.ProjectDaoTest"/>
  <testcase name="testAddReceptionWork" time="0.071" classname="businessLogic.ProjectDaoTest"/>
  <testcase name="testAddStudents" time="0.026" classname="businessLogic.ProjectDaoTest"/>
  <testcase name="testUpdate" time="0.045" classname="businessLogic.ProjectDaoTest"/>
  <testcase name="testAddLGAC" time="0.045" classname="businessLogic.ProjectDaoTest"/>
  <testcase name="testGetStudents" time="0.060" classname="businessLogic.ProjectDaoTest"/>
  <testcase name="testGetLGAC" time="0.038" classname="businessLogic.ProjectDaoTest"/>
</testsuite> <!-- businessLogic.ProjectDaoTest -->
