<?xml version="1.0" encoding="UTF-8"?>
<!-- Generated by org.testng.reporters.JUnitReportReporter -->
<testsuite hostname="MacBook-Pro-de-M.local" name="businessLogic.MinuteDAOTest" tests="1" failures="0" timestamp="9 Apr 2021 19:02:58 GMT" time="2.014" errors="0">
  <testcase name="testGetMinutesComments" time="2.014" classname="businessLogic.MinuteDAOTest"/>
</testsuite> <!-- businessLogic.MinuteDAOTest -->
