<?xml version="1.0" encoding="UTF-8"?>
<!-- Generated by org.testng.reporters.JUnitReportReporter -->
<testsuite hostname="DESKTOP-A884PK0" name="businessLogic.PreliminarProjectDAOTest" tests="1" failures="0" timestamp="30 Apr 2021 03:24:51 GMT" time="1.106" errors="0">
  <testcase name="testDeleteStudents" time="1.106" classname="businessLogic.PreliminarProjectDAOTest"/>
</testsuite> <!-- businessLogic.PreliminarProjectDAOTest -->
