<?xml version="1.0" encoding="UTF-8"?>
<!-- Generated by org.testng.reporters.JUnitReportReporter -->
<testsuite hostname="MacBook-Pro-de-M.local" name="businessLogic.AgreementDAOTest" tests="4" failures="0" timestamp="17 Jun 2021 09:02:41 GMT" time="2.649" errors="0">
  <testcase name="testUpdate" time="0.099" classname="businessLogic.AgreementDAOTest"/>
  <testcase name="testGetAgreementsMinute" time="0.111" classname="businessLogic.AgreementDAOTest"/>
  <testcase name="testDelete" time="0.154" classname="businessLogic.AgreementDAOTest"/>
  <testcase name="testSaveAgreement" time="2.285" classname="businessLogic.AgreementDAOTest"/>
</testsuite> <!-- businessLogic.AgreementDAOTest -->
