<?xml version="1.0" encoding="UTF-8"?>
<!-- Generated by org.testng.reporters.JUnitReportReporter -->
<testsuite hostname="MacBook-Pro-de-M.local" name="businessLogic.ReceptionWorkDAOTest" tests="1" failures="0" timestamp="30 Apr 2021 15:38:02 GMT" time="1.158" errors="0">
  <testcase name="testSave" time="1.158" classname="businessLogic.ReceptionWorkDAOTest"/>
</testsuite> <!-- businessLogic.ReceptionWorkDAOTest -->
