<?xml version="1.0" encoding="UTF-8"?>
<!-- Generated by org.testng.reporters.JUnitReportReporter -->
<testsuite hostname="DESKTOP-A884PK0" name="businessLogic.ReceptionWorkDAOTest" tests="14" failures="0" timestamp="23 May 2021 16:18:25 GMT" time="2.363" errors="0">
  <testcase name="testDeleteColaborators" time="1.180" classname="businessLogic.ReceptionWorkDAOTest"/>
  <testcase name="testGetReceptionWorks" time="0.040" classname="businessLogic.ReceptionWorkDAOTest"/>
  <testcase name="testGetReceptionWorkById" time="0.055" classname="businessLogic.ReceptionWorkDAOTest"/>
  <testcase name="testDeleteStudents" time="0.195" classname="businessLogic.ReceptionWorkDAOTest"/>
  <testcase name="testGetColaborators" time="0.105" classname="businessLogic.ReceptionWorkDAOTest"/>
  <testcase name="testGetLGAC" time="0.050" classname="businessLogic.ReceptionWorkDAOTest"/>
  <testcase name="testGetId" time="0.067" classname="businessLogic.ReceptionWorkDAOTest"/>
  <testcase name="testGetIdFailed" time="0.055" classname="businessLogic.ReceptionWorkDAOTest"/>
  <testcase name="testAddLGAC" time="0.220" classname="businessLogic.ReceptionWorkDAOTest"/>
  <testcase name="testUpdate" time="0.038" classname="businessLogic.ReceptionWorkDAOTest"/>
  <testcase name="testAddColaborator" time="0.100" classname="businessLogic.ReceptionWorkDAOTest"/>
  <testcase name="testSave" time="0.113" classname="businessLogic.ReceptionWorkDAOTest"/>
  <testcase name="testAddStudents" time="0.095" classname="businessLogic.ReceptionWorkDAOTest"/>
  <testcase name="testGetStudents" time="0.050" classname="businessLogic.ReceptionWorkDAOTest"/>
</testsuite> <!-- businessLogic.ReceptionWorkDAOTest -->
