<?xml version="1.0" encoding="UTF-8"?>
<!-- Generated by org.testng.reporters.JUnitReportReporter -->
<testsuite hostname="MacBook-Pro-de-M.local" name="businessLogic.ProjectDaoTest" tests="1" failures="0" timestamp="2 May 2021 07:42:09 GMT" time="1.213" errors="0">
  <testcase name="testAddLGAC" time="1.213" classname="businessLogic.ProjectDaoTest"/>
</testsuite> <!-- businessLogic.ProjectDaoTest -->
