<?xml version="1.0" encoding="UTF-8"?>
<!-- Generated by org.testng.reporters.JUnitReportReporter -->
<testsuite hostname="DESKTOP-A884PK0" name="businessLogic.PreliminarProjectDAOTest" tests="12" failures="0" timestamp="23 May 2021 14:50:39 GMT" time="2.922" errors="0">
  <testcase name="testDeleteColaborators" time="1.125" classname="businessLogic.PreliminarProjectDAOTest"/>
  <testcase name="testUpdate" time="0.047" classname="businessLogic.PreliminarProjectDAOTest"/>
  <testcase name="testGetPreliminarProject" time="0.109" classname="businessLogic.PreliminarProjectDAOTest"/>
  <testcase name="testGetId" time="0.062" classname="businessLogic.PreliminarProjectDAOTest"/>
  <testcase name="testDeleteStudents" time="0.422" classname="businessLogic.PreliminarProjectDAOTest"/>
  <testcase name="testAddStudents" time="0.125" classname="businessLogic.PreliminarProjectDAOTest"/>
  <testcase name="testGetPreliminarProjects" time="0.016" classname="businessLogic.PreliminarProjectDAOTest"/>
  <testcase name="testGetColaborators" time="0.125" classname="businessLogic.PreliminarProjectDAOTest"/>
  <testcase name="testGetStudents" time="0.141" classname="businessLogic.PreliminarProjectDAOTest"/>
  <testcase name="testAddColaborator" time="0.391" classname="businessLogic.PreliminarProjectDAOTest"/>
  <testcase name="testSave" time="0.297" classname="businessLogic.PreliminarProjectDAOTest"/>
  <testcase name="testGetIdFailed" time="0.062" classname="businessLogic.PreliminarProjectDAOTest"/>
</testsuite> <!-- businessLogic.PreliminarProjectDAOTest -->
