<?xml version="1.0" encoding="UTF-8"?>
<!-- Generated by org.testng.reporters.JUnitReportReporter -->
<testsuite hostname="MacBook-Pro-de-M.local" name="businessLogic.MinuteDAOTest" tests="1" failures="0" timestamp="28 May 2021 08:08:35 GMT" time="4.077" errors="0">
  <testcase name="getIdMinuteNotFound" time="4.077" classname="businessLogic.MinuteDAOTest"/>
</testsuite> <!-- businessLogic.MinuteDAOTest -->
