<?xml version="1.0" encoding="UTF-8"?>
<!-- Generated by org.testng.reporters.JUnitReportReporter -->
<testsuite hostname="DESKTOP-A884PK0" name="businessLogic.MeetingDAOTest" tests="1" failures="0" timestamp="16 Apr 2021 16:40:09 GMT" time="1.057" errors="0">
  <testcase name="testUpdate" time="1.057" classname="businessLogic.MeetingDAOTest"/>
</testsuite> <!-- businessLogic.MeetingDAOTest -->
