<?xml version="1.0" encoding="UTF-8"?>
<!-- Generated by org.testng.reporters.JUnitReportReporter -->
<testsuite hostname="DESKTOP-A884PK0" name="businessLogic.GroupAcademicDAOTest" tests="7" failures="0" timestamp="23 May 2021 05:52:20 GMT" time="2.046" errors="0">
  <testcase name="testGetlgacs" time="0.113" classname="businessLogic.GroupAcademicDAOTest"/>
  <testcase name="testGetGroupAcademicByIdNotFound" time="0.042" classname="businessLogic.GroupAcademicDAOTest"/>
  <testcase name="testGetGroupAcademicById" time="0.052" classname="businessLogic.GroupAcademicDAOTest"/>
  <testcase name="testDeletedLGCASucessful" time="1.366" classname="businessLogic.GroupAcademicDAOTest"/>
  <testcase name="testSave" time="0.197" classname="businessLogic.GroupAcademicDAOTest"/>
  <testcase name="testAddLGAC" time="0.226" classname="businessLogic.GroupAcademicDAOTest"/>
  <testcase name="testUpdate" time="0.050" classname="businessLogic.GroupAcademicDAOTest"/>
</testsuite> <!-- businessLogic.GroupAcademicDAOTest -->
