<?xml version="1.0" encoding="UTF-8"?>
<!-- Generated by org.testng.reporters.JUnitReportReporter -->
<testsuite hostname="MacBook-Pro-de-M.local" name="businessLogic.StudentDAOTest" tests="3" failures="0" timestamp="17 Jun 2021 09:02:41 GMT" time="0.134" errors="0">
  <testcase name="testGetByEnrollment" time="0.023" classname="businessLogic.StudentDAOTest"/>
  <testcase name="testGetByEnrollmentFailed" time="0.079" classname="businessLogic.StudentDAOTest"/>
  <testcase name="testSave" time="0.032" classname="businessLogic.StudentDAOTest"/>
</testsuite> <!-- businessLogic.StudentDAOTest -->
