<?xml version="1.0" encoding="UTF-8"?>
<!-- Generated by org.testng.reporters.JUnitReportReporter -->
<testsuite hostname="MacBook-Pro-de-M.local" name="businessLogic.MinuteDAOTest" tests="1" failures="0" timestamp="21 Apr 2021 16:55:07 GMT" time="1.085" errors="0">
  <testcase name="testUpdate" time="1.085" classname="businessLogic.MinuteDAOTest"/>
</testsuite> <!-- businessLogic.MinuteDAOTest -->
