<?xml version="1.0" encoding="UTF-8"?>
<!-- Generated by org.testng.reporters.JUnitReportReporter -->
<testsuite hostname="MacBook-Pro-de-M.local" name="businessLogic.MemberDAOTest" tests="1" failures="0" timestamp="21 Apr 2021 05:50:13 GMT" time="1.657" errors="0">
  <testcase name="testUpdate" time="1.657" classname="businessLogic.MemberDAOTest"/>
</testsuite> <!-- businessLogic.MemberDAOTest -->
