<?xml version="1.0" encoding="UTF-8"?>
<!-- Generated by org.testng.reporters.JUnitReportReporter -->
<testsuite hostname="DESKTOP-A884PK0" name="businessLogic.ReceptionWorkDAOTest" tests="1" failures="0" timestamp="16 Apr 2021 16:17:17 GMT" time="1.107" errors="0">
  <testcase name="testUpdate" time="1.107" classname="businessLogic.ReceptionWorkDAOTest"/>
</testsuite> <!-- businessLogic.ReceptionWorkDAOTest -->
