<?xml version="1.0" encoding="UTF-8"?>
<!-- Generated by org.testng.reporters.JUnitReportReporter -->
<testsuite hostname="MacBook-Pro-de-M.local" name="businessLogic.ProjectDaoTest" tests="1" failures="0" timestamp="14 Jun 2021 06:05:42 GMT" time="1.075" errors="0">
  <testcase name="testAddReceptionWork" time="1.075" classname="businessLogic.ProjectDaoTest"/>
</testsuite> <!-- businessLogic.ProjectDaoTest -->
