<?xml version="1.0" encoding="UTF-8"?>
<!-- Generated by org.testng.reporters.JUnitReportReporter -->
<testsuite hostname="DESKTOP-A884PK0" name="businessLogic.PreliminarProjectDAOTest" tests="1" failures="0" timestamp="15 Apr 2021 04:43:11 GMT" time="0.967" errors="0">
  <testcase name="testGetId" time="0.967" classname="businessLogic.PreliminarProjectDAOTest"/>
</testsuite> <!-- businessLogic.PreliminarProjectDAOTest -->
