<?xml version="1.0" encoding="UTF-8"?>
<!-- Generated by org.testng.reporters.JUnitReportReporter -->
<testsuite hostname="DESKTOP-A884PK0" name="businessLogic.PrerequisiteDAOTest" tests="1" failures="0" timestamp="20 Apr 2021 23:11:10 GMT" time="0.910" errors="0">
  <testcase name="testGetPrerequisites" time="0.910" classname="businessLogic.PrerequisiteDAOTest"/>
</testsuite> <!-- businessLogic.PrerequisiteDAOTest -->
