<?xml version="1.0" encoding="UTF-8"?>
<!-- Generated by org.testng.reporters.JUnitReportReporter -->
<testsuite hostname="MacBook-Pro-de-M.local" name="businessLogic.PreliminarProjectDAOTest" tests="12" failures="0" timestamp="17 Jun 2021 09:02:41 GMT" time="0.815" errors="0">
  <testcase name="testGetPreliminarProject" time="0.087" classname="businessLogic.PreliminarProjectDAOTest"/>
  <testcase name="testDeleteColaborators" time="0.154" classname="businessLogic.PreliminarProjectDAOTest"/>
  <testcase name="testUpdate" time="0.024" classname="businessLogic.PreliminarProjectDAOTest"/>
  <testcase name="testGetId" time="0.077" classname="businessLogic.PreliminarProjectDAOTest"/>
  <testcase name="testSave" time="0.084" classname="businessLogic.PreliminarProjectDAOTest"/>
  <testcase name="testGetStudents" time="0.072" classname="businessLogic.PreliminarProjectDAOTest"/>
  <testcase name="testGetColaborators" time="0.101" classname="businessLogic.PreliminarProjectDAOTest"/>
  <testcase name="testDeleteStudents" time="0.031" classname="businessLogic.PreliminarProjectDAOTest"/>
  <testcase name="testGetPreliminarProjects" time="0.071" classname="businessLogic.PreliminarProjectDAOTest"/>
  <testcase name="testAddColaborator" time="0.029" classname="businessLogic.PreliminarProjectDAOTest"/>
  <testcase name="testAddStudents" time="0.066" classname="businessLogic.PreliminarProjectDAOTest"/>
  <testcase name="testGetIdFailed" time="0.019" classname="businessLogic.PreliminarProjectDAOTest"/>
</testsuite> <!-- businessLogic.PreliminarProjectDAOTest -->
