<?xml version="1.0" encoding="UTF-8"?>
<!-- Generated by org.testng.reporters.JUnitReportReporter -->
<testsuite hostname="DESKTOP-A884PK0" name="businessLogic.MeetingDAOTest" tests="11" failures="0" timestamp="23 May 2021 06:36:02 GMT" time="1.811" errors="0">
  <testcase name="testGetId" time="0.028" classname="businessLogic.MeetingDAOTest"/>
  <testcase name="testDeleteAssistants" time="0.027" classname="businessLogic.MeetingDAOTest"/>
  <testcase name="testGetMeetingByIdNotFound" time="1.192" classname="businessLogic.MeetingDAOTest"/>
  <testcase name="testGetMeetings" time="0.032" classname="businessLogic.MeetingDAOTest"/>
  <testcase name="testChangeState" time="0.020" classname="businessLogic.MeetingDAOTest"/>
  <testcase name="testSave" time="0.178" classname="businessLogic.MeetingDAOTest"/>
  <testcase name="testAddAssistants" time="0.122" classname="businessLogic.MeetingDAOTest"/>
  <testcase name="testGetIdNotFound" time="0.027" classname="businessLogic.MeetingDAOTest"/>
  <testcase name="testGetMeetingById" time="0.027" classname="businessLogic.MeetingDAOTest"/>
  <testcase name="testGetAssistants" time="0.130" classname="businessLogic.MeetingDAOTest"/>
  <testcase name="testUpdate" time="0.028" classname="businessLogic.MeetingDAOTest"/>
</testsuite> <!-- businessLogic.MeetingDAOTest -->
