<?xml version="1.0" encoding="UTF-8"?>
<!-- Generated by org.testng.reporters.JUnitReportReporter -->
<testsuite hostname="MacBook-Pro-de-M.local" name="businessLogic.MinuteDAOTest" tests="1" failures="0" timestamp="16 Jun 2021 07:05:04 GMT" time="0.784" errors="0">
  <testcase name="testDeleteComment" time="0.784" classname="businessLogic.MinuteDAOTest"/>
</testsuite> <!-- businessLogic.MinuteDAOTest -->
