<?xml version="1.0" encoding="UTF-8"?>
<!-- Generated by org.testng.reporters.JUnitReportReporter -->
<testsuite hostname="MacBook-Pro-de-M.local" name="businessLogic.TopicDAOTest" tests="1" failures="0" timestamp="21 Apr 2021 04:38:13 GMT" time="1.137" errors="0">
  <testcase name="testUpdate" time="1.137" classname="businessLogic.TopicDAOTest"/>
</testsuite> <!-- businessLogic.TopicDAOTest -->
