<?xml version="1.0" encoding="UTF-8"?>
<!-- Generated by org.testng.reporters.JUnitReportReporter -->
<testsuite hostname="MacBook-Pro-de-M.local" name="dataaccess.ConnectorTest" tests="1" failures="0" timestamp="26 Apr 2021 23:15:39 GMT" time="2.558" errors="0">
  <testcase name="testDataBaseConnection" time="2.558" classname="dataaccess.ConnectorTest"/>
</testsuite> <!-- dataaccess.ConnectorTest -->
