<?xml version="1.0" encoding="UTF-8"?>
<!-- Generated by org.testng.reporters.JUnitReportReporter -->
<testsuite hostname="DESKTOP-A884PK0" name="dataaccess.ConnectorTest" tests="2" failures="0" timestamp="27 Apr 2021 15:09:41 GMT" time="1.264" errors="0">
  <testcase name="testDisconnect" time="0.000" classname="dataaccess.ConnectorTest"/>
  <testcase name="testConnect" time="1.264" classname="dataaccess.ConnectorTest"/>
</testsuite> <!-- dataaccess.ConnectorTest -->
