<?xml version="1.0" encoding="UTF-8"?>
<!-- Generated by org.testng.reporters.JUnitReportReporter -->
<testsuite hostname="MacBook-Pro-de-M.local" name="businessLogic.MinuteDAOTest" tests="1" failures="0" timestamp="24 May 2021 00:23:15 GMT" time="4.329" errors="0">
  <testcase name="testDisapproveMinute" time="4.329" classname="businessLogic.MinuteDAOTest"/>
</testsuite> <!-- businessLogic.MinuteDAOTest -->
