<?xml version="1.0" encoding="UTF-8"?>
<!-- Generated by org.testng.reporters.JUnitReportReporter -->
<testsuite hostname="DESKTOP-A884PK0" name="businessLogic.MeetingDAOTest" tests="1" failures="0" timestamp="30 Apr 2021 15:21:41 GMT" time="1.140" errors="0">
  <testcase name="testGetAssistants" time="1.140" classname="businessLogic.MeetingDAOTest"/>
</testsuite> <!-- businessLogic.MeetingDAOTest -->
