<?xml version="1.0" encoding="UTF-8"?>
<!-- Generated by org.testng.reporters.JUnitReportReporter -->
<testsuite hostname="DESKTOP-A884PK0" name="businessLogic.LGACDAOTest" tests="1" failures="0" timestamp="20 Apr 2021 22:51:02 GMT" time="0.950" errors="0">
  <testcase name="testGetLGACs" time="0.950" classname="businessLogic.LGACDAOTest"/>
</testsuite> <!-- businessLogic.LGACDAOTest -->
